#
# There is insufficient memory for the Java Runtime Environment to continue.
# Native memory allocation (malloc) failed to allocate 99696 bytes for Chunk::new
# Possible reasons:
#   The system is out of physical RAM or swap space
#   The process is running with CompressedOops enabled, and the Java Heap may be blocking the growth of the native heap
# Possible solutions:
#   Reduce memory load on the system
#   Increase physical memory or swap space
#   Check if swap backing store is full
#   Decrease Java heap size (-Xmx/-Xms)
#   Decrease number of Java threads
#   Decrease Java thread stack sizes (-Xss)
#   Set larger code cache with -XX:ReservedCodeCacheSize=
#   JVM is running with Unscaled Compressed Oops mode in which the Java heap is
#     placed in the first 4GB address space. The Java Heap base address is the
#     maximum limit for the native heap growth. Please use -XX:HeapBaseMinAddress
#     to set the Java Heap base and to place the Java Heap above 4GB virtual address.
# This output file may be truncated or incomplete.
#
#  Out of Memory Error (allocation.cpp:389), pid=17396, tid=0x00000000000045b4
#
# JRE version: Java(TM) SE Runtime Environment (8.0_271-b09) (build 1.8.0_271-b09)
# Java VM: Java HotSpot(TM) 64-Bit Server VM (25.271-b09 mixed mode windows-amd64 compressed oops)
# Failed to write core dump. Minidumps are not enabled by default on client versions of Windows
#

---------------  T H R E A D  ---------------

Current thread (0x0000019dc8c65800):  JavaThread "C2 CompilerThread2" daemon [_thread_in_native, id=17844, stack(0x0000003bf4900000,0x0000003bf4a00000)]

Stack: [0x0000003bf4900000,0x0000003bf4a00000]
Native frames: (J=compiled Java code, j=interpreted, Vv=VM code, C=native code)
V  [jvm.dll+0x33f6c9]
V  [jvm.dll+0x286122]
V  [jvm.dll+0x286dcd]
V  [jvm.dll+0x27d805]
V  [jvm.dll+0xe574c]
V  [jvm.dll+0xe5f4c]
V  [jvm.dll+0x480043]
V  [jvm.dll+0x447de8]
V  [jvm.dll+0x450c25]
V  [jvm.dll+0x44ffe5]
V  [jvm.dll+0x43aef7]
V  [jvm.dll+0xbc3eb]
V  [jvm.dll+0xbaa4b]
V  [jvm.dll+0x24e7c2]
V  [jvm.dll+0x2a2dcc]
C  [ucrtbase.dll+0x21542]
C  [KERNEL32.DLL+0x16fd4]
C  [ntdll.dll+0x4cec1]


Current CompileTask:
C2:  10645 3173   !   4       java.util.ArrayList::batchRemove (255 bytes)


---------------  P R O C E S S  ---------------

Java Threads: ( => current thread )
  0x0000019dc9b71800 JavaThread "Okio Watchdog" daemon [_thread_blocked, id=14060, stack(0x0000003bf5700000,0x0000003bf5800000)]
  0x0000019dc9b73000 JavaThread "OkHttp ConnectionPool" daemon [_thread_blocked, id=1180, stack(0x0000003bf5600000,0x0000003bf5700000)]
  0x0000019dcb30d000 JavaThread "Exec Stream Pumper" daemon [_thread_in_native, id=23588, stack(0x0000003bf5400000,0x0000003bf5500000)]
  0x0000019dca364000 JavaThread "Exec Stream Pumper" daemon [_thread_in_native, id=23680, stack(0x0000003bf5300000,0x0000003bf5400000)]
  0x0000019dccc5c800 JavaThread "UrlChecker-2" daemon [_thread_blocked, id=1924, stack(0x0000003bf5200000,0x0000003bf5300000)]
  0x0000019dce13b000 JavaThread "Exec Default Executor" daemon [_thread_in_native, id=20068, stack(0x0000003bf5100000,0x0000003bf5200000)]
  0x0000019dc9976000 JavaThread "/127.0.0.1:50837 to /127.0.0.1:50836 workers Thread 3" [_thread_in_native, id=18668, stack(0x0000003bf5000000,0x0000003bf5100000)]
  0x0000019dc9975800 JavaThread "/127.0.0.1:50837 to /127.0.0.1:50836 workers Thread 2" [_thread_blocked, id=23488, stack(0x0000003bf4f00000,0x0000003bf5000000)]
  0x0000019dc99eb800 JavaThread "Test worker" [_thread_in_Java, id=20992, stack(0x0000003bf4e00000,0x0000003bf4f00000)]
  0x0000019dc8d10000 JavaThread "Service Thread" daemon [_thread_blocked, id=18364, stack(0x0000003bf4b00000,0x0000003bf4c00000)]
  0x0000019dc8c66000 JavaThread "C1 CompilerThread3" daemon [_thread_blocked, id=21704, stack(0x0000003bf4a00000,0x0000003bf4b00000)]
=>0x0000019dc8c65800 JavaThread "C2 CompilerThread2" daemon [_thread_in_native, id=17844, stack(0x0000003bf4900000,0x0000003bf4a00000)]
  0x0000019dc8c69800 JavaThread "C2 CompilerThread1" daemon [_thread_in_native, id=19472, stack(0x0000003bf4800000,0x0000003bf4900000)]
  0x0000019dc8c7b800 JavaThread "C2 CompilerThread0" daemon [_thread_in_native, id=15548, stack(0x0000003bf4700000,0x0000003bf4800000)]
  0x0000019dc6cd8000 JavaThread "Attach Listener" daemon [_thread_blocked, id=15944, stack(0x0000003bf4600000,0x0000003bf4700000)]
  0x0000019dc6cd5000 JavaThread "Signal Dispatcher" daemon [_thread_blocked, id=12760, stack(0x0000003bf4500000,0x0000003bf4600000)]
  0x0000019dc6c45000 JavaThread "Finalizer" daemon [_thread_blocked, id=17916, stack(0x0000003bf4400000,0x0000003bf4500000)]
  0x0000019dc6c34800 JavaThread "Reference Handler" daemon [_thread_blocked, id=7060, stack(0x0000003bf4300000,0x0000003bf4400000)]
  0x0000019db4107800 JavaThread "main" [_thread_blocked, id=1712, stack(0x0000003bf3900000,0x0000003bf3a00000)]

Other Threads:
  0x0000019dc6c09000 VMThread [stack: 0x0000003bf4200000,0x0000003bf4300000] [id=25232]
  0x0000019dc8d63800 WatcherThread [stack: 0x0000003bf4c00000,0x0000003bf4d00000] [id=2060]

VM state:not at safepoint (normal execution)

VM Mutex/Monitor currently owned by a thread: None

heap address: 0x00000000e0000000, size: 512 MB, Compressed Oops mode: 32-bit
Narrow klass base: 0x0000000000000000, Narrow klass shift: 3
Compressed class space size: 1073741824 Address: 0x0000000100000000

Heap:
 PSYoungGen      total 120832K, used 30985K [0x00000000f5580000, 0x00000000ff280000, 0x0000000100000000)
  eden space 103424K, 13% used [0x00000000f5580000,0x00000000f62c7928,0x00000000fba80000)
  from space 17408K, 99% used [0x00000000fd080000,0x00000000fe17acf8,0x00000000fe180000)
  to   space 10240K, 0% used [0x00000000fe880000,0x00000000fe880000,0x00000000ff280000)
 ParOldGen       total 80384K, used 21673K [0x00000000e0000000, 0x00000000e4e80000, 0x00000000f5580000)
  object space 80384K, 26% used [0x00000000e0000000,0x00000000e152a5f8,0x00000000e4e80000)
 Metaspace       used 28717K, capacity 30414K, committed 30592K, reserved 1075200K
  class space    used 3553K, capacity 3947K, committed 3968K, reserved 1048576K

Card table byte_map: [0x0000019dc4fd0000,0x0000019dc50e0000] byte_map_base: 0x0000019dc48d0000

Marking Bits: (ParMarkBitMap*) 0x0000000057b47fe0
 Begin Bits: [0x0000019dc50e0000, 0x0000019dc58e0000)
 End Bits:   [0x0000019dc58e0000, 0x0000019dc60e0000)

Polling page: 0x0000019db4330000

CodeCache: size=245760Kb used=13485Kb max_used=13496Kb free=232274Kb
 bounds [0x0000019db5c10000, 0x0000019db6950000, 0x0000019dc4c10000]
 total_blobs=3601 nmethods=3143 adapters=369
 compilation: enabled

Compilation events (10 events):
Event: 10.580 Thread 0x0000019dc8c69800 nmethod 3164 0x0000019db693c3d0 code [0x0000019db693c540, 0x0000019db693cb18]
Event: 10.580 Thread 0x0000019dc8c69800 3170       4       org.aspectj.util.GenericSignatureParser::tokenize (822 bytes)
Event: 10.586 Thread 0x0000019dc8c7b800 nmethod 3168 0x0000019db693a690 code [0x0000019db693a800, 0x0000019db693ac28]
Event: 10.586 Thread 0x0000019dc8c7b800 3167       4       java.io.FilterInputStream::available (8 bytes)
Event: 10.588 Thread 0x0000019dc8c7b800 nmethod 3167 0x0000019db6921650 code [0x0000019db69217a0, 0x0000019db69219f8]
Event: 10.593 Thread 0x0000019dc8c65800 nmethod 3169 0x0000019db693d490 code [0x0000019db693d600, 0x0000019db693dd28]
Event: 10.593 Thread 0x0000019dc8c7b800 3171       4       java.lang.Integer::parseInt (261 bytes)
Event: 10.600 Thread 0x0000019dc8c7b800 nmethod 3171 0x0000019db693ff90 code [0x0000019db6940100, 0x0000019db69405b8]
Event: 10.604 Thread 0x0000019dc8c7b800 3172       4       java.util.ArrayList::removeAll (12 bytes)
Event: 10.604 Thread 0x0000019dc8c65800 3173   !   4       java.util.ArrayList::batchRemove (255 bytes)

GC Heap History (10 events):
Event: 1.457 GC heap before
{Heap before GC invocations=4 (full 0):
 PSYoungGen      total 38400K, used 38384K [0x00000000f5580000, 0x00000000fa080000, 0x0000000100000000)
  eden space 33280K, 100% used [0x00000000f5580000,0x00000000f7600000,0x00000000f7600000)
  from space 5120K, 99% used [0x00000000f7600000,0x00000000f7afc010,0x00000000f7b00000)
  to   space 5120K, 0% used [0x00000000f9b80000,0x00000000f9b80000,0x00000000fa080000)
 ParOldGen       total 87552K, used 21910K [0x00000000e0000000, 0x00000000e5580000, 0x00000000f5580000)
  object space 87552K, 25% used [0x00000000e0000000,0x00000000e1565b08,0x00000000e5580000)
 Metaspace       used 17244K, capacity 17494K, committed 17664K, reserved 1064960K
  class space    used 1929K, capacity 2025K, committed 2048K, reserved 1048576K
Event: 1.468 GC heap after
Heap after GC invocations=4 (full 0):
 PSYoungGen      total 71680K, used 5104K [0x00000000f5580000, 0x00000000fa080000, 0x0000000100000000)
  eden space 66560K, 0% used [0x00000000f5580000,0x00000000f5580000,0x00000000f9680000)
  from space 5120K, 99% used [0x00000000f9b80000,0x00000000fa07c010,0x00000000fa080000)
  to   space 5120K, 0% used [0x00000000f9680000,0x00000000f9680000,0x00000000f9b80000)
 ParOldGen       total 87552K, used 30279K [0x00000000e0000000, 0x00000000e5580000, 0x00000000f5580000)
  object space 87552K, 34% used [0x00000000e0000000,0x00000000e1d91de0,0x00000000e5580000)
 Metaspace       used 17244K, capacity 17494K, committed 17664K, reserved 1064960K
  class space    used 1929K, capacity 2025K, committed 2048K, reserved 1048576K
}
Event: 2.039 GC heap before
{Heap before GC invocations=5 (full 0):
 PSYoungGen      total 71680K, used 57270K [0x00000000f5580000, 0x00000000fa080000, 0x0000000100000000)
  eden space 66560K, 78% used [0x00000000f5580000,0x00000000f8871b20,0x00000000f9680000)
  from space 5120K, 99% used [0x00000000f9b80000,0x00000000fa07c010,0x00000000fa080000)
  to   space 5120K, 0% used [0x00000000f9680000,0x00000000f9680000,0x00000000f9b80000)
 ParOldGen       total 87552K, used 30279K [0x00000000e0000000, 0x00000000e5580000, 0x00000000f5580000)
  object space 87552K, 34% used [0x00000000e0000000,0x00000000e1d91de0,0x00000000e5580000)
 Metaspace       used 20272K, capacity 21218K, committed 21296K, reserved 1069056K
  class space    used 2399K, capacity 2611K, committed 2688K, reserved 1048576K
Event: 2.054 GC heap after
Heap after GC invocations=5 (full 0):
 PSYoungGen      total 71680K, used 5104K [0x00000000f5580000, 0x00000000ff980000, 0x0000000100000000)
  eden space 66560K, 0% used [0x00000000f5580000,0x00000000f5580000,0x00000000f9680000)
  from space 5120K, 99% used [0x00000000f9680000,0x00000000f9b7c010,0x00000000f9b80000)
  to   space 17408K, 0% used [0x00000000fe880000,0x00000000fe880000,0x00000000ff980000)
 ParOldGen       total 87552K, used 37204K [0x00000000e0000000, 0x00000000e5580000, 0x00000000f5580000)
  object space 87552K, 42% used [0x00000000e0000000,0x00000000e24550a8,0x00000000e5580000)
 Metaspace       used 20272K, capacity 21218K, committed 21296K, reserved 1069056K
  class space    used 2399K, capacity 2611K, committed 2688K, reserved 1048576K
}
Event: 2.054 GC heap before
{Heap before GC invocations=6 (full 1):
 PSYoungGen      total 71680K, used 5104K [0x00000000f5580000, 0x00000000ff980000, 0x0000000100000000)
  eden space 66560K, 0% used [0x00000000f5580000,0x00000000f5580000,0x00000000f9680000)
  from space 5120K, 99% used [0x00000000f9680000,0x00000000f9b7c010,0x00000000f9b80000)
  to   space 17408K, 0% used [0x00000000fe880000,0x00000000fe880000,0x00000000ff980000)
 ParOldGen       total 87552K, used 37204K [0x00000000e0000000, 0x00000000e5580000, 0x00000000f5580000)
  object space 87552K, 42% used [0x00000000e0000000,0x00000000e24550a8,0x00000000e5580000)
 Metaspace       used 20272K, capacity 21218K, committed 21296K, reserved 1069056K
  class space    used 2399K, capacity 2611K, committed 2688K, reserved 1048576K
Event: 2.099 GC heap after
Heap after GC invocations=6 (full 1):
 PSYoungGen      total 71680K, used 0K [0x00000000f5580000, 0x00000000ff980000, 0x0000000100000000)
  eden space 66560K, 0% used [0x00000000f5580000,0x00000000f5580000,0x00000000f9680000)
  from space 5120K, 0% used [0x00000000f9680000,0x00000000f9680000,0x00000000f9b80000)
  to   space 17408K, 0% used [0x00000000fe880000,0x00000000fe880000,0x00000000ff980000)
 ParOldGen       total 80384K, used 20335K [0x00000000e0000000, 0x00000000e4e80000, 0x00000000f5580000)
  object space 80384K, 25% used [0x00000000e0000000,0x00000000e13dbdc0,0x00000000e4e80000)
 Metaspace       used 20272K, capacity 21218K, committed 21296K, reserved 1069056K
  class space    used 2399K, capacity 2611K, committed 2688K, reserved 1048576K
}
Event: 2.831 GC heap before
{Heap before GC invocations=7 (full 1):
 PSYoungGen      total 71680K, used 66560K [0x00000000f5580000, 0x00000000ff980000, 0x0000000100000000)
  eden space 66560K, 100% used [0x00000000f5580000,0x00000000f9680000,0x00000000f9680000)
  from space 5120K, 0% used [0x00000000f9680000,0x00000000f9680000,0x00000000f9b80000)
  to   space 17408K, 0% used [0x00000000fe880000,0x00000000fe880000,0x00000000ff980000)
 ParOldGen       total 80384K, used 20335K [0x00000000e0000000, 0x00000000e4e80000, 0x00000000f5580000)
  object space 80384K, 25% used [0x00000000e0000000,0x00000000e13dbdc0,0x00000000e4e80000)
 Metaspace       used 23970K, capacity 25032K, committed 25216K, reserved 1071104K
  class space    used 2830K, capacity 3080K, committed 3200K, reserved 1048576K
Event: 2.842 GC heap after
Heap after GC invocations=7 (full 1):
 PSYoungGen      total 113664K, used 10099K [0x00000000f5580000, 0x00000000ff280000, 0x0000000100000000)
  eden space 103424K, 0% used [0x00000000f5580000,0x00000000f5580000,0x00000000fba80000)
  from space 10240K, 98% used [0x00000000fe880000,0x00000000ff25cc00,0x00000000ff280000)
  to   space 17408K, 0% used [0x00000000fd080000,0x00000000fd080000,0x00000000fe180000)
 ParOldGen       total 80384K, used 20343K [0x00000000e0000000, 0x00000000e4e80000, 0x00000000f5580000)
  object space 80384K, 25% used [0x00000000e0000000,0x00000000e13dddc0,0x00000000e4e80000)
 Metaspace       used 23970K, capacity 25032K, committed 25216K, reserved 1071104K
  class space    used 2830K, capacity 3080K, committed 3200K, reserved 1048576K
}
Event: 10.542 GC heap before
{Heap before GC invocations=8 (full 1):
 PSYoungGen      total 113664K, used 113523K [0x00000000f5580000, 0x00000000ff280000, 0x0000000100000000)
  eden space 103424K, 100% used [0x00000000f5580000,0x00000000fba80000,0x00000000fba80000)
  from space 10240K, 98% used [0x00000000fe880000,0x00000000ff25cc00,0x00000000ff280000)
  to   space 17408K, 0% used [0x00000000fd080000,0x00000000fd080000,0x00000000fe180000)
 ParOldGen       total 80384K, used 20343K [0x00000000e0000000, 0x00000000e4e80000, 0x00000000f5580000)
  object space 80384K, 25% used [0x00000000e0000000,0x00000000e13dddc0,0x00000000e4e80000)
 Metaspace       used 28606K, capacity 30254K, committed 30336K, reserved 1075200K
  class space    used 3550K, capacity 3915K, committed 3968K, reserved 1048576K
Event: 10.563 GC heap after
Heap after GC invocations=8 (full 1):
 PSYoungGen      total 120832K, used 17387K [0x00000000f5580000, 0x00000000ff280000, 0x0000000100000000)
  eden space 103424K, 0% used [0x00000000f5580000,0x00000000f5580000,0x00000000fba80000)
  from space 17408K, 99% used [0x00000000fd080000,0x00000000fe17acf8,0x00000000fe180000)
  to   space 10240K, 0% used [0x00000000fe880000,0x00000000fe880000,0x00000000ff280000)
 ParOldGen       total 80384K, used 21673K [0x00000000e0000000, 0x00000000e4e80000, 0x00000000f5580000)
  object space 80384K, 26% used [0x00000000e0000000,0x00000000e152a5f8,0x00000000e4e80000)
 Metaspace       used 28606K, capacity 30254K, committed 30336K, reserved 1075200K
  class space    used 3550K, capacity 3915K, committed 3968K, reserved 1048576K
}

Deoptimization events (10 events):
Event: 3.792 Thread 0x0000019dc99eb800 Uncommon trap: reason=class_check action=maybe_recompile pc=0x0000019db66afd14 method=java.util.regex.Matcher.search(I)Z @ 86
Event: 3.792 Thread 0x0000019dc99eb800 Uncommon trap: reason=class_check action=maybe_recompile pc=0x0000019db66afd14 method=java.util.regex.Matcher.search(I)Z @ 86
Event: 3.792 Thread 0x0000019dc99eb800 Uncommon trap: reason=class_check action=maybe_recompile pc=0x0000019db662b764 method=java.util.regex.Pattern$Curly.match(Ljava/util/regex/Matcher;ILjava/lang/CharSequence;)Z @ 19
Event: 3.800 Thread 0x0000019dc99eb800 Uncommon trap: reason=class_check action=maybe_recompile pc=0x0000019db662b764 method=java.util.regex.Pattern$Curly.match(Ljava/util/regex/Matcher;ILjava/lang/CharSequence;)Z @ 19
Event: 3.800 Thread 0x0000019dc99eb800 Uncommon trap: reason=class_check action=maybe_recompile pc=0x0000019db662b764 method=java.util.regex.Pattern$Curly.match(Ljava/util/regex/Matcher;ILjava/lang/CharSequence;)Z @ 19
Event: 3.911 Thread 0x0000019dc99eb800 Uncommon trap: reason=unstable_if action=reinterpret pc=0x0000019db67d40a8 method=java.util.regex.Pattern$BmpCharProperty.match(Ljava/util/regex/Matcher;ILjava/lang/CharSequence;)Z @ 34
Event: 4.710 Thread 0x0000019dc99eb800 Uncommon trap: reason=bimorphic action=maybe_recompile pc=0x0000019db67a556c method=java.util.AbstractList.rangeCheckForAdd(I)V @ 6
Event: 10.433 Thread 0x0000019dc99eb800 Uncommon trap: reason=unstable_if action=reinterpret pc=0x0000019db5d96158 method=sun.nio.cs.UTF_8$Encoder.encode([CII[B)I @ 33
Event: 10.529 Thread 0x0000019dc99eb800 Uncommon trap: reason=unstable_if action=reinterpret pc=0x0000019db5ea0b04 method=sun.nio.cs.UTF_8$Decoder.decode([BII[C)I @ 30
Event: 10.563 Thread 0x0000019dc99eb800 Uncommon trap: reason=null_check action=make_not_entrant pc=0x0000019db67a4fb0 method=java.util.WeakHashMap.eq(Ljava/lang/Object;Ljava/lang/Object;)Z @ 7

Classes redefined (0 events):
No events

Internal exceptions (10 events):
Event: 4.720 Thread 0x0000019dc99eb800 Exception <a 'java/net/SocketTimeoutException': Read timed out> (0x00000000fb3cbd28) thrown at [C:\jenkins\workspace\8-2-build-windows-amd64-cygwin\jdk8u271\605\hotspot\src\share\vm\prims\jni.cpp, line 737]
Event: 10.137 Thread 0x0000019dc99eb800 Exception <a 'java/net/SocketTimeoutException': Read timed out> (0x00000000fb46fa10) thrown at [C:\jenkins\workspace\8-2-build-windows-amd64-cygwin\jdk8u271\605\hotspot\src\share\vm\prims\jni.cpp, line 737]
Event: 10.289 Thread 0x0000019dc99eb800 Exception <a 'java/net/SocketTimeoutException': Read timed out> (0x00000000fb7f62f0) thrown at [C:\jenkins\workspace\8-2-build-windows-amd64-cygwin\jdk8u271\605\hotspot\src\share\vm\prims\jni.cpp, line 737]
Event: 10.321 Thread 0x0000019dc99eb800 Exception <a 'java/net/SocketTimeoutException': Read timed out> (0x00000000fb827898) thrown at [C:\jenkins\workspace\8-2-build-windows-amd64-cygwin\jdk8u271\605\hotspot\src\share\vm\prims\jni.cpp, line 737]
Event: 10.395 Thread 0x0000019dc99eb800 Exception <a 'java/lang/NoSuchMethodError': java.lang.Object.lambda$codePoints$1()Ljava/util/Spliterator$OfInt;> (0x00000000fb886d48) thrown at [C:\jenkins\workspace\8-2-build-windows-amd64-cygwin\jdk8u271\605\hotspot\src\share\vm\interpreter\linkResolver
Event: 10.410 Thread 0x0000019dc99eb800 Exception <a 'java/net/SocketTimeoutException': Read timed out> (0x00000000fb8a2ff0) thrown at [C:\jenkins\workspace\8-2-build-windows-amd64-cygwin\jdk8u271\605\hotspot\src\share\vm\prims\jni.cpp, line 737]
Event: 10.430 Thread 0x0000019dc99eb800 Exception <a 'java/lang/NoSuchMethodError': java.lang.Object.of(Ljava/lang/Object;)Ljava/util/stream/Stream;> (0x00000000fb8ad490) thrown at [C:\jenkins\workspace\8-2-build-windows-amd64-cygwin\jdk8u271\605\hotspot\src\share\vm\interpreter\linkResolver.cp
Event: 10.442 Thread 0x0000019dc99eb800 Exception <a 'java/net/SocketTimeoutException': Read timed out> (0x00000000fb8da7f0) thrown at [C:\jenkins\workspace\8-2-build-windows-amd64-cygwin\jdk8u271\605\hotspot\src\share\vm\prims\jni.cpp, line 737]
Event: 10.504 Thread 0x0000019dc99eb800 Exception <a 'java/net/SocketTimeoutException': Read timed out> (0x00000000fb8ef290) thrown at [C:\jenkins\workspace\8-2-build-windows-amd64-cygwin\jdk8u271\605\hotspot\src\share\vm\prims\jni.cpp, line 737]
Event: 10.563 Thread 0x0000019dc99eb800 Implicit null exception at 0x0000019db67a4e23 to 0x0000019db67a4f91

Events (10 events):
Event: 10.610 loading class org/assertj/core/api/InstanceOfAssertFactories
Event: 10.610 loading class org/assertj/core/api/InstanceOfAssertFactories done
Event: 10.611 loading class org/assertj/core/data/TemporalUnitOffset
Event: 10.611 loading class org/assertj/core/data/TemporalUnitOffset done
Event: 10.612 loading class org/assertj/core/data/TemporalOffset
Event: 10.612 loading class org/assertj/core/data/TemporalOffset done
Event: 10.612 loading class org/assertj/core/data/TemporalUnitWithinOffset
Event: 10.612 loading class org/assertj/core/data/TemporalUnitWithinOffset done
Event: 10.613 loading class org/assertj/core/api/AbstractBigIntegerAssert
Event: 10.613 loading class org/assertj/core/api/AbstractBigIntegerAssert done


Dynamic libraries:
0x00007ff7a2b30000 - 0x00007ff7a2b77000 	C:\Program Files\Java\jdk1.8.0_271\bin\java.exe
0x00007ffd03010000 - 0x00007ffd03204000 	C:\WINDOWS\SYSTEM32\ntdll.dll
0x00007ffd01a90000 - 0x00007ffd01b4d000 	C:\WINDOWS\System32\KERNEL32.DLL
0x00007ffd00980000 - 0x00007ffd00c47000 	C:\WINDOWS\System32\KERNELBASE.dll
0x00007ffd02770000 - 0x00007ffd0281a000 	C:\WINDOWS\System32\ADVAPI32.dll
0x00007ffd02ad0000 - 0x00007ffd02b6e000 	C:\WINDOWS\System32\msvcrt.dll
0x00007ffd02290000 - 0x00007ffd0232b000 	C:\WINDOWS\System32\sechost.dll
0x00007ffd02350000 - 0x00007ffd02473000 	C:\WINDOWS\System32\RPCRT4.dll
0x00007ffd02480000 - 0x00007ffd02620000 	C:\WINDOWS\System32\USER32.dll
0x00007ffd00760000 - 0x00007ffd00782000 	C:\WINDOWS\System32\win32u.dll
0x00007ffd02f20000 - 0x00007ffd02f4a000 	C:\WINDOWS\System32\GDI32.dll
0x00007ffd00e00000 - 0x00007ffd00f09000 	C:\WINDOWS\System32\gdi32full.dll
0x00007ffd00f10000 - 0x00007ffd00fad000 	C:\WINDOWS\System32\msvcp_win.dll
0x00007ffd00d00000 - 0x00007ffd00e00000 	C:\WINDOWS\System32\ucrtbase.dll
0x00007ffce4890000 - 0x00007ffce4b2a000 	C:\WINDOWS\WinSxS\amd64_microsoft.windows.common-controls_6595b64144ccf1df_6.0.19041.1_none_b555e41d4684ddec\COMCTL32.dll
0x00007ffd02890000 - 0x00007ffd028c0000 	C:\WINDOWS\System32\IMM32.DLL
0x00007ffcfb620000 - 0x00007ffcfb635000 	C:\Program Files\Java\jdk1.8.0_271\jre\bin\vcruntime140.dll
0x00007ffccecc0000 - 0x00007ffcced5b000 	C:\Program Files\Java\jdk1.8.0_271\jre\bin\msvcp140.dll
0x0000000057350000 - 0x0000000057bbf000 	C:\Program Files\Java\jdk1.8.0_271\jre\bin\server\jvm.dll
0x00007ffd02340000 - 0x00007ffd02348000 	C:\WINDOWS\System32\PSAPI.DLL
0x00007ffcf4460000 - 0x00007ffcf4487000 	C:\WINDOWS\SYSTEM32\WINMM.dll
0x00007ffcfa4e0000 - 0x00007ffcfa4ea000 	C:\WINDOWS\SYSTEM32\VERSION.dll
0x00007ffcf1730000 - 0x00007ffcf1739000 	C:\WINDOWS\SYSTEM32\WSOCK32.dll
0x00007ffd02820000 - 0x00007ffd0288b000 	C:\WINDOWS\System32\WS2_32.dll
0x00007ffcfe6f0000 - 0x00007ffcfe703000 	C:\WINDOWS\SYSTEM32\kernel.appcore.dll
0x00007ffcfd240000 - 0x00007ffcfd250000 	C:\Program Files\Java\jdk1.8.0_271\jre\bin\verify.dll
0x00007ffce7080000 - 0x00007ffce70ab000 	C:\Program Files\Java\jdk1.8.0_271\jre\bin\java.dll
0x00007ffcfb5a0000 - 0x00007ffcfb5d0000 	C:\Program Files\Java\jdk1.8.0_271\jre\bin\instrument.dll
0x00007ffcfb4b0000 - 0x00007ffcfb4c8000 	C:\Program Files\Java\jdk1.8.0_271\jre\bin\zip.dll
0x00007ffd01b50000 - 0x00007ffd02281000 	C:\WINDOWS\System32\SHELL32.dll
0x00007ffcfe8f0000 - 0x00007ffcff07a000 	C:\WINDOWS\SYSTEM32\windows.storage.dll
0x00007ffd015b0000 - 0x00007ffd01904000 	C:\WINDOWS\System32\combase.dll
0x00007ffd001e0000 - 0x00007ffd0020b000 	C:\WINDOWS\SYSTEM32\Wldp.dll
0x00007ffd02bd0000 - 0x00007ffd02c7e000 	C:\WINDOWS\System32\SHCORE.dll
0x00007ffd02710000 - 0x00007ffd02765000 	C:\WINDOWS\System32\shlwapi.dll
0x00007ffd006a0000 - 0x00007ffd006bf000 	C:\WINDOWS\SYSTEM32\profapi.dll
0x00007ffcfc210000 - 0x00007ffcfc22c000 	C:\Program Files\Java\jdk1.8.0_271\jre\bin\net.dll
0x00007ffcfff60000 - 0x00007ffcfffca000 	C:\WINDOWS\system32\mswsock.dll
0x00007ffcfb5f0000 - 0x00007ffcfb603000 	C:\Program Files\Java\jdk1.8.0_271\jre\bin\nio.dll
0x00007ffd00140000 - 0x00007ffd00158000 	C:\WINDOWS\SYSTEM32\CRYPTSP.dll
0x00007ffcff880000 - 0x00007ffcff8b4000 	C:\WINDOWS\system32\rsaenh.dll
0x00007ffd008f0000 - 0x00007ffd00917000 	C:\WINDOWS\System32\bcrypt.dll
0x00007ffd00660000 - 0x00007ffd0068e000 	C:\WINDOWS\SYSTEM32\USERENV.dll
0x00007ffd01000000 - 0x00007ffd0107f000 	C:\WINDOWS\System32\bcryptprimitives.dll
0x00007ffd00130000 - 0x00007ffd0013c000 	C:\WINDOWS\SYSTEM32\CRYPTBASE.dll
0x00007ffcffc00000 - 0x00007ffcffc3b000 	C:\WINDOWS\SYSTEM32\IPHLPAPI.DLL
0x00007ffd015a0000 - 0x00007ffd015a9000 	C:\WINDOWS\System32\NSI.dll
0x00007ffcf9480000 - 0x00007ffcf9497000 	C:\WINDOWS\SYSTEM32\dhcpcsvc6.DLL
0x00007ffcf9ae0000 - 0x00007ffcf9afd000 	C:\WINDOWS\SYSTEM32\dhcpcsvc.DLL
0x00007ffcffc50000 - 0x00007ffcffd1a000 	C:\WINDOWS\SYSTEM32\DNSAPI.dll
0x00007ffcf2e80000 - 0x00007ffcf2ea4000 	C:\Program Files\Java\jdk1.8.0_271\jre\bin\sunec.dll
0x00007ffcf4450000 - 0x00007ffcf445a000 	C:\Windows\System32\rasadhlp.dll
0x00007ffcf4530000 - 0x00007ffcf45af000 	C:\WINDOWS\System32\fwpuclnt.dll
0x00007ffcfd610000 - 0x00007ffcfd61d000 	C:\Program Files\Java\jdk1.8.0_271\jre\bin\sunmscapi.dll
0x00007ffd00790000 - 0x00007ffd008ed000 	C:\WINDOWS\System32\CRYPT32.dll
0x00007ffd00250000 - 0x00007ffd00277000 	C:\WINDOWS\SYSTEM32\ncrypt.dll
0x00007ffd00210000 - 0x00007ffd0024b000 	C:\WINDOWS\SYSTEM32\NTASN1.dll
0x00007ffcf0c70000 - 0x00007ffcf0c87000 	C:\WINDOWS\system32\napinsp.dll
0x00007ffcede40000 - 0x00007ffcede5b000 	C:\WINDOWS\system32\pnrpnsp.dll
0x00007ffce55d0000 - 0x00007ffce55e5000 	C:\WINDOWS\system32\wshbth.dll
0x00007ffcfd400000 - 0x00007ffcfd41d000 	C:\WINDOWS\system32\NLAapi.dll
0x00007ffce4870000 - 0x00007ffce4882000 	C:\WINDOWS\System32\winrnr.dll
0x00007ffcfd290000 - 0x00007ffcfd29d000 	C:\Program Files\Java\jdk1.8.0_271\jre\bin\management.dll
0x00007ffceb870000 - 0x00007ffceba54000 	C:\WINDOWS\SYSTEM32\dbghelp.dll

VM Arguments:
jvm_args: -Dallure.results.directory=D:\Foglalkozás\Green Fox Academy\GitRepo\greenfox\vizsga\test-automation-masterwork\build\allure-results -Djava.security.manager=worker.org.gradle.process.internal.worker.child.BootstrapSecurityManager -Dorg.gradle.native=false -javaagent:C:\Users\Lilla\.gradle\caches\modules-2\files-2.1\org.aspectj\aspectjweaver\1.8.10\e198c5fee28988c355f74e06461614eae36b2032\aspectjweaver-1.8.10.jar -Xmx512m -Dfile.encoding=windows-1250 -Duser.country=HU -Duser.language=hu -Duser.variant -ea 
java_command: worker.org.gradle.process.internal.worker.GradleWorkerMain 'Gradle Test Executor 10'
java_class_path (initial): C:\Users\Lilla\.gradle\caches\6.3\workerMain\gradle-worker.jar;C:\Users\Lilla\.gradle\caches\modules-2\files-2.1\org.aspectj\aspectjweaver\1.8.10\e198c5fee28988c355f74e06461614eae36b2032\aspectjweaver-1.8.10.jar
Launcher Type: SUN_STANDARD

Environment Variables:
JAVA_HOME=C:\Program Files\Java\jdk1.8.0_271
PATH=C:\app\Lilla\product\18.0.0\dbhomeXE\bin;C:\Program Files (x86)\Common Files\Oracle\Java\javapath;C:\WINDOWS\system32;C:\WINDOWS;C:\WINDOWS\System32\Wbem;C:\WINDOWS\System32\WindowsPowerShell\v1.0\;C:\WINDOWS\System32\OpenSSH\;C:\Program Files (x86)\NVIDIA Corporation\PhysX\Common;C:\Program Files\NVIDIA Corporation\NVIDIA NvDLISR;C:\WINDOWS\system32;C:\WINDOWS;C:\WINDOWS\System32\Wbem;C:\WINDOWS\System32\WindowsPowerShell\v1.0\;C:\WINDOWS\System32\OpenSSH\;C:\Program Files\Git\cmd;C:\Program Files (x86)\Common Files\Oracle\Java\javapath;C:\WINDOWS\system32;C:\WINDOWS;C:\WINDOWS\System32\Wbem;C:\WINDOWS\System32\WindowsPowerShell\v1.0\;C:\WINDOWS\System32\OpenSSH\;C:\Program Files (x86)\NVIDIA Corporation\PhysX\Common;C:\Program Files\NVIDIA Corporation\NVIDIA NvDLISR;C:\WINDOWS\system32;C:\WINDOWS;C:\WINDOWS\System32\Wbem;C:\WINDOWS\System32\WindowsPowerShell\v1.0\;C:\WINDOWS\System32\OpenSSH\;C:\Program Files\Git\cmd;C:\Users\Lilla\AppData\Local\Microsoft\WindowsApps;;C:\Users\Lilla\AppData\Local\Programs\Microsoft VS Code\bin;C:\Program Files\Java\jdk1.8.0_271\bin;
USERNAME=Lilla
OS=Windows_NT
PROCESSOR_IDENTIFIER=Intel64 Family 6 Model 60 Stepping 3, GenuineIntel



---------------  S Y S T E M  ---------------

OS: Windows 10.0 , 64 bit Build 19041 (10.0.19041.207)

CPU:total 8 (initial active 8) (4 cores per cpu, 2 threads per core) family 6 model 60 stepping 3, cmov, cx8, fxsr, mmx, sse, sse2, sse3, ssse3, sse4.1, sse4.2, popcnt, avx, avx2, aes, clmul, erms, lzcnt, ht, tsc, tscinvbit, bmi1, bmi2

Memory: 4k page, physical 8274956k(1493164k free), swap 12469260k(5644k free)

vm_info: Java HotSpot(TM) 64-Bit Server VM (25.271-b09) for windows-amd64 JRE (1.8.0_271-b09), built on Sep 16 2020 19:14:59 by "" with MS VC++ 15.9 (VS2017)

time: Wed Aug  4 12:43:39 2021
timezone: Közép-európai nyári idõ 
elapsed time: 10.659936 seconds (0d 0h 0m 10s)

