#
# There is insufficient memory for the Java Runtime Environment to continue.
# Native memory allocation (malloc) failed to allocate 1233616 bytes for Chunk::new
# Possible reasons:
#   The system is out of physical RAM or swap space
#   The process is running with CompressedOops enabled, and the Java Heap may be blocking the growth of the native heap
# Possible solutions:
#   Reduce memory load on the system
#   Increase physical memory or swap space
#   Check if swap backing store is full
#   Decrease Java heap size (-Xmx/-Xms)
#   Decrease number of Java threads
#   Decrease Java thread stack sizes (-Xss)
#   Set larger code cache with -XX:ReservedCodeCacheSize=
#   JVM is running with Unscaled Compressed Oops mode in which the Java heap is
#     placed in the first 4GB address space. The Java Heap base address is the
#     maximum limit for the native heap growth. Please use -XX:HeapBaseMinAddress
#     to set the Java Heap base and to place the Java Heap above 4GB virtual address.
# This output file may be truncated or incomplete.
#
#  Out of Memory Error (allocation.cpp:389), pid=12820, tid=0x0000000000002a8c
#
# JRE version: Java(TM) SE Runtime Environment (8.0_271-b09) (build 1.8.0_271-b09)
# Java VM: Java HotSpot(TM) 64-Bit Server VM (25.271-b09 mixed mode windows-amd64 compressed oops)
# Failed to write core dump. Minidumps are not enabled by default on client versions of Windows
#

---------------  T H R E A D  ---------------

Current thread (0x000002464e923800):  JavaThread "C2 CompilerThread1" daemon [_thread_in_native, id=10892, stack(0x0000004a9d800000,0x0000004a9d900000)]

Stack: [0x0000004a9d800000,0x0000004a9d900000]
Native frames: (J=compiled Java code, j=interpreted, Vv=VM code, C=native code)
V  [jvm.dll+0x33f6c9]
V  [jvm.dll+0x286122]
V  [jvm.dll+0x286dcd]
V  [jvm.dll+0x27d805]
V  [jvm.dll+0xe574c]
V  [jvm.dll+0xe5f4c]
V  [jvm.dll+0x480043]
V  [jvm.dll+0x447c30]
V  [jvm.dll+0x450c25]
V  [jvm.dll+0x44ffe5]
V  [jvm.dll+0x43aef7]
V  [jvm.dll+0xbc3eb]
V  [jvm.dll+0xbaa4b]
V  [jvm.dll+0x24e7c2]
V  [jvm.dll+0x2a2dcc]
C  [ucrtbase.dll+0x21542]
C  [KERNEL32.DLL+0x16fd4]
C  [ntdll.dll+0x4cec1]


Current CompileTask:
C2:   2902 2650   !   4       java.net.URL::<init> (543 bytes)


---------------  P R O C E S S  ---------------

Java Threads: ( => current thread )
  0x000002464f40a000 JavaThread "/127.0.0.1:52536 to /127.0.0.1:52535 workers Thread 3" [_thread_in_native, id=5716, stack(0x0000004a9e000000,0x0000004a9e100000)]
  0x000002464f409000 JavaThread "/127.0.0.1:52536 to /127.0.0.1:52535 workers Thread 2" [_thread_blocked, id=20880, stack(0x0000004a9df00000,0x0000004a9e000000)]
  0x000002464f55a000 JavaThread "Test worker" [_thread_in_native, id=15932, stack(0x0000004a9de00000,0x0000004a9df00000)]
  0x000002464e94e800 JavaThread "Service Thread" daemon [_thread_blocked, id=19208, stack(0x0000004a9db00000,0x0000004a9dc00000)]
  0x000002464e94a000 JavaThread "C1 CompilerThread3" daemon [_thread_blocked, id=23428, stack(0x0000004a9da00000,0x0000004a9db00000)]
  0x000002464e943000 JavaThread "C2 CompilerThread2" daemon [_thread_in_native, id=17416, stack(0x0000004a9d900000,0x0000004a9da00000)]
=>0x000002464e923800 JavaThread "C2 CompilerThread1" daemon [_thread_in_native, id=10892, stack(0x0000004a9d800000,0x0000004a9d900000)]
  0x000002464e942000 JavaThread "C2 CompilerThread0" daemon [_thread_in_native, id=21892, stack(0x0000004a9d700000,0x0000004a9d800000)]
  0x000002464c964800 JavaThread "Attach Listener" daemon [_thread_blocked, id=16860, stack(0x0000004a9d600000,0x0000004a9d700000)]
  0x000002464c963800 JavaThread "Signal Dispatcher" daemon [_thread_blocked, id=15352, stack(0x0000004a9d500000,0x0000004a9d600000)]
  0x000002464c8cd800 JavaThread "Finalizer" daemon [_thread_blocked, id=16276, stack(0x0000004a9d400000,0x0000004a9d500000)]
  0x000002464c8bd800 JavaThread "Reference Handler" daemon [_thread_blocked, id=14496, stack(0x0000004a9d300000,0x0000004a9d400000)]
  0x0000024639dd6800 JavaThread "main" [_thread_blocked, id=23204, stack(0x0000004a9c900000,0x0000004a9ca00000)]

Other Threads:
  0x000002464c896000 VMThread [stack: 0x0000004a9d200000,0x0000004a9d300000] [id=26564]
  0x000002464e953800 WatcherThread [stack: 0x0000004a9dc00000,0x0000004a9dd00000] [id=15324]

VM state:not at safepoint (normal execution)

VM Mutex/Monitor currently owned by a thread: None

heap address: 0x00000000e0000000, size: 512 MB, Compressed Oops mode: 32-bit
Narrow klass base: 0x0000000000000000, Narrow klass shift: 3
Compressed class space size: 1073741824 Address: 0x0000000100000000

Heap:
 PSYoungGen      total 138240K, used 86894K [0x00000000f5580000, 0x00000000fe180000, 0x0000000100000000)
  eden space 133120K, 65% used [0x00000000f5580000,0x00000000faa5b988,0x00000000fd780000)
  from space 5120K, 0% used [0x00000000fdc80000,0x00000000fdc80000,0x00000000fe180000)
  to   space 5120K, 0% used [0x00000000fd780000,0x00000000fd780000,0x00000000fdc80000)
 ParOldGen       total 89088K, used 22622K [0x00000000e0000000, 0x00000000e5700000, 0x00000000f5580000)
  object space 89088K, 25% used [0x00000000e0000000,0x00000000e16178d0,0x00000000e5700000)
 Metaspace       used 24690K, capacity 25706K, committed 25984K, reserved 1073152K
  class space    used 2937K, capacity 3177K, committed 3200K, reserved 1048576K

Card table byte_map: [0x000002464ac50000,0x000002464ad60000] byte_map_base: 0x000002464a550000

Marking Bits: (ParMarkBitMap*) 0x0000000057b47fe0
 Begin Bits: [0x000002464ad60000, 0x000002464b560000)
 End Bits:   [0x000002464b560000, 0x000002464bd60000)

Polling page: 0x000002463a000000

CodeCache: size=245760Kb used=11492Kb max_used=11492Kb free=234268Kb
 bounds [0x000002463b890000, 0x000002463c3d0000, 0x000002464a890000]
 total_blobs=3127 nmethods=2705 adapters=334
 compilation: enabled

Compilation events (10 events):
Event: 2.829 Thread 0x000002464e94a000 2717       2       java.util.regex.Pattern$BmpCharProperty::match (50 bytes)
Event: 2.829 Thread 0x000002464e94a000 nmethod 2717 0x000002463c3c33d0 code [0x000002463c3c3560, 0x000002463c3c37b0]
Event: 2.838 Thread 0x000002464e94a000 2718       3       java.io.WinNTFileSystem::prefixLength (91 bytes)
Event: 2.839 Thread 0x000002464e94a000 nmethod 2718 0x000002463c3c38d0 code [0x000002463c3c3ae0, 0x000002463c3c4730]
Event: 2.850 Thread 0x000002464e94a000 2719       3       sun.misc.PerfCounter::addElapsedTimeFrom (10 bytes)
Event: 2.851 Thread 0x000002464e94a000 nmethod 2719 0x000002463c3c4e90 code [0x000002463c3c5040, 0x000002463c3c57a0]
Event: 2.859 Thread 0x000002464e94a000 2721       3       java.util.LinkedList::unlink (91 bytes)
Event: 2.859 Thread 0x000002464e94a000 nmethod 2721 0x000002463c3c5b10 code [0x000002463c3c5c80, 0x000002463c3c5f58]
Event: 2.859 Thread 0x000002464e94a000 2720       3       java.util.LinkedList$ListItr::remove (84 bytes)
Event: 2.859 Thread 0x000002464e94a000 nmethod 2720 0x000002463c3c6050 code [0x000002463c3c6200, 0x000002463c3c66f0]

GC Heap History (10 events):
Event: 0.679 GC heap before
{Heap before GC invocations=1 (full 0):
 PSYoungGen      total 38400K, used 33280K [0x00000000f5580000, 0x00000000f8000000, 0x0000000100000000)
  eden space 33280K, 100% used [0x00000000f5580000,0x00000000f7600000,0x00000000f7600000)
  from space 5120K, 0% used [0x00000000f7b00000,0x00000000f7b00000,0x00000000f8000000)
  to   space 5120K, 0% used [0x00000000f7600000,0x00000000f7600000,0x00000000f7b00000)
 ParOldGen       total 87552K, used 0K [0x00000000e0000000, 0x00000000e5580000, 0x00000000f5580000)
  object space 87552K, 0% used [0x00000000e0000000,0x00000000e0000000,0x00000000e5580000)
 Metaspace       used 12471K, capacity 12746K, committed 12928K, reserved 1060864K
  class space    used 1451K, capacity 1555K, committed 1664K, reserved 1048576K
Event: 0.686 GC heap after
Heap after GC invocations=1 (full 0):
 PSYoungGen      total 38400K, used 5118K [0x00000000f5580000, 0x00000000fa080000, 0x0000000100000000)
  eden space 33280K, 0% used [0x00000000f5580000,0x00000000f5580000,0x00000000f7600000)
  from space 5120K, 99% used [0x00000000f7600000,0x00000000f7aff8b8,0x00000000f7b00000)
  to   space 5120K, 0% used [0x00000000f9b80000,0x00000000f9b80000,0x00000000fa080000)
 ParOldGen       total 87552K, used 2510K [0x00000000e0000000, 0x00000000e5580000, 0x00000000f5580000)
  object space 87552K, 2% used [0x00000000e0000000,0x00000000e0273af8,0x00000000e5580000)
 Metaspace       used 12471K, capacity 12746K, committed 12928K, reserved 1060864K
  class space    used 1451K, capacity 1555K, committed 1664K, reserved 1048576K
}
Event: 1.087 GC heap before
{Heap before GC invocations=2 (full 0):
 PSYoungGen      total 38400K, used 38398K [0x00000000f5580000, 0x00000000fa080000, 0x0000000100000000)
  eden space 33280K, 100% used [0x00000000f5580000,0x00000000f7600000,0x00000000f7600000)
  from space 5120K, 99% used [0x00000000f7600000,0x00000000f7aff8b8,0x00000000f7b00000)
  to   space 5120K, 0% used [0x00000000f9b80000,0x00000000f9b80000,0x00000000fa080000)
 ParOldGen       total 87552K, used 2510K [0x00000000e0000000, 0x00000000e5580000, 0x00000000f5580000)
  object space 87552K, 2% used [0x00000000e0000000,0x00000000e0273af8,0x00000000e5580000)
 Metaspace       used 14714K, capacity 14934K, committed 15104K, reserved 1062912K
  class space    used 1695K, capacity 1769K, committed 1792K, reserved 1048576K
Event: 1.096 GC heap after
Heap after GC invocations=2 (full 0):
 PSYoungGen      total 71680K, used 5106K [0x00000000f5580000, 0x00000000fa080000, 0x0000000100000000)
  eden space 66560K, 0% used [0x00000000f5580000,0x00000000f5580000,0x00000000f9680000)
  from space 5120K, 99% used [0x00000000f9b80000,0x00000000fa07c938,0x00000000fa080000)
  to   space 5120K, 0% used [0x00000000f9680000,0x00000000f9680000,0x00000000f9b80000)
 ParOldGen       total 87552K, used 11173K [0x00000000e0000000, 0x00000000e5580000, 0x00000000f5580000)
  object space 87552K, 12% used [0x00000000e0000000,0x00000000e0ae96a8,0x00000000e5580000)
 Metaspace       used 14714K, capacity 14934K, committed 15104K, reserved 1062912K
  class space    used 1695K, capacity 1769K, committed 1792K, reserved 1048576K
}
Event: 1.463 GC heap before
{Heap before GC invocations=3 (full 0):
 PSYoungGen      total 71680K, used 71666K [0x00000000f5580000, 0x00000000fa080000, 0x0000000100000000)
  eden space 66560K, 100% used [0x00000000f5580000,0x00000000f9680000,0x00000000f9680000)
  from space 5120K, 99% used [0x00000000f9b80000,0x00000000fa07c938,0x00000000fa080000)
  to   space 5120K, 0% used [0x00000000f9680000,0x00000000f9680000,0x00000000f9b80000)
 ParOldGen       total 87552K, used 11173K [0x00000000e0000000, 0x00000000e5580000, 0x00000000f5580000)
  object space 87552K, 12% used [0x00000000e0000000,0x00000000e0ae96a8,0x00000000e5580000)
 Metaspace       used 17247K, capacity 17494K, committed 17664K, reserved 1064960K
  class space    used 1929K, capacity 2025K, committed 2048K, reserved 1048576K
Event: 1.477 GC heap after
Heap after GC invocations=3 (full 0):
 PSYoungGen      total 71680K, used 5088K [0x00000000f5580000, 0x00000000fe180000, 0x0000000100000000)
  eden space 66560K, 0% used [0x00000000f5580000,0x00000000f5580000,0x00000000f9680000)
  from space 5120K, 99% used [0x00000000f9680000,0x00000000f9b78020,0x00000000f9b80000)
  to   space 5120K, 0% used [0x00000000fdc80000,0x00000000fdc80000,0x00000000fe180000)
 ParOldGen       total 87552K, used 24239K [0x00000000e0000000, 0x00000000e5580000, 0x00000000f5580000)
  object space 87552K, 27% used [0x00000000e0000000,0x00000000e17abd60,0x00000000e5580000)
 Metaspace       used 17247K, capacity 17494K, committed 17664K, reserved 1064960K
  class space    used 1929K, capacity 2025K, committed 2048K, reserved 1048576K
}
Event: 2.051 GC heap before
{Heap before GC invocations=4 (full 0):
 PSYoungGen      total 71680K, used 57677K [0x00000000f5580000, 0x00000000fe180000, 0x0000000100000000)
  eden space 66560K, 79% used [0x00000000f5580000,0x00000000f88db680,0x00000000f9680000)
  from space 5120K, 99% used [0x00000000f9680000,0x00000000f9b78020,0x00000000f9b80000)
  to   space 5120K, 0% used [0x00000000fdc80000,0x00000000fdc80000,0x00000000fe180000)
 ParOldGen       total 87552K, used 24239K [0x00000000e0000000, 0x00000000e5580000, 0x00000000f5580000)
  object space 87552K, 27% used [0x00000000e0000000,0x00000000e17abd60,0x00000000e5580000)
 Metaspace       used 20259K, capacity 21220K, committed 21296K, reserved 1069056K
  class space    used 2399K, capacity 2612K, committed 2688K, reserved 1048576K
Event: 2.063 GC heap after
Heap after GC invocations=4 (full 0):
 PSYoungGen      total 138240K, used 5088K [0x00000000f5580000, 0x00000000fe180000, 0x0000000100000000)
  eden space 133120K, 0% used [0x00000000f5580000,0x00000000f5580000,0x00000000fd780000)
  from space 5120K, 99% used [0x00000000fdc80000,0x00000000fe178020,0x00000000fe180000)
  to   space 5120K, 0% used [0x00000000fd780000,0x00000000fd780000,0x00000000fdc80000)
 ParOldGen       total 87552K, used 31660K [0x00000000e0000000, 0x00000000e5580000, 0x00000000f5580000)
  object space 87552K, 36% used [0x00000000e0000000,0x00000000e1eeb338,0x00000000e5580000)
 Metaspace       used 20259K, capacity 21220K, committed 21296K, reserved 1069056K
  class space    used 2399K, capacity 2612K, committed 2688K, reserved 1048576K
}
Event: 2.063 GC heap before
{Heap before GC invocations=5 (full 1):
 PSYoungGen      total 138240K, used 5088K [0x00000000f5580000, 0x00000000fe180000, 0x0000000100000000)
  eden space 133120K, 0% used [0x00000000f5580000,0x00000000f5580000,0x00000000fd780000)
  from space 5120K, 99% used [0x00000000fdc80000,0x00000000fe178020,0x00000000fe180000)
  to   space 5120K, 0% used [0x00000000fd780000,0x00000000fd780000,0x00000000fdc80000)
 ParOldGen       total 87552K, used 31660K [0x00000000e0000000, 0x00000000e5580000, 0x00000000f5580000)
  object space 87552K, 36% used [0x00000000e0000000,0x00000000e1eeb338,0x00000000e5580000)
 Metaspace       used 20259K, capacity 21220K, committed 21296K, reserved 1069056K
  class space    used 2399K, capacity 2612K, committed 2688K, reserved 1048576K
Event: 2.115 GC heap after
Heap after GC invocations=5 (full 1):
 PSYoungGen      total 138240K, used 0K [0x00000000f5580000, 0x00000000fe180000, 0x0000000100000000)
  eden space 133120K, 0% used [0x00000000f5580000,0x00000000f5580000,0x00000000fd780000)
  from space 5120K, 0% used [0x00000000fdc80000,0x00000000fdc80000,0x00000000fe180000)
  to   space 5120K, 0% used [0x00000000fd780000,0x00000000fd780000,0x00000000fdc80000)
 ParOldGen       total 89088K, used 22622K [0x00000000e0000000, 0x00000000e5700000, 0x00000000f5580000)
  object space 89088K, 25% used [0x00000000e0000000,0x00000000e16178d0,0x00000000e5700000)
 Metaspace       used 20259K, capacity 21220K, committed 21296K, reserved 1069056K
  class space    used 2399K, capacity 2612K, committed 2688K, reserved 1048576K
}

Deoptimization events (10 events):
Event: 2.605 Thread 0x000002464f55a000 Uncommon trap: reason=unstable_if action=reinterpret pc=0x000002463c304f80 method=java.util.regex.Matcher.reset()Ljava/util/regex/Matcher; @ 47
Event: 2.605 Thread 0x000002464f55a000 Uncommon trap: reason=bimorphic action=maybe_recompile pc=0x000002463c311bc8 method=java.util.regex.Pattern$BmpCharProperty.match(Ljava/util/regex/Matcher;ILjava/lang/CharSequence;)Z @ 16
Event: 2.605 Thread 0x000002464f55a000 Uncommon trap: reason=bimorphic action=maybe_recompile pc=0x000002463c311bc8 method=java.util.regex.Pattern$BmpCharProperty.match(Ljava/util/regex/Matcher;ILjava/lang/CharSequence;)Z @ 16
Event: 2.605 Thread 0x000002464f55a000 Uncommon trap: reason=bimorphic action=maybe_recompile pc=0x000002463c311bc8 method=java.util.regex.Pattern$BmpCharProperty.match(Ljava/util/regex/Matcher;ILjava/lang/CharSequence;)Z @ 16
Event: 2.605 Thread 0x000002464f55a000 Uncommon trap: reason=bimorphic action=maybe_recompile pc=0x000002463c311bc8 method=java.util.regex.Pattern$BmpCharProperty.match(Ljava/util/regex/Matcher;ILjava/lang/CharSequence;)Z @ 16
Event: 2.670 Thread 0x000002464f55a000 Uncommon trap: reason=unstable_if action=reinterpret pc=0x000002463c2a5e90 method=java.util.concurrent.ConcurrentHashMap.putVal(Ljava/lang/Object;Ljava/lang/Object;Z)Ljava/lang/Object; @ 331
Event: 2.696 Thread 0x000002464f55a000 Uncommon trap: reason=unstable_if action=reinterpret pc=0x000002463c2027b0 method=java.lang.CharacterDataLatin1.digit(II)I @ 60
Event: 2.757 Thread 0x000002464f55a000 Uncommon trap: reason=class_check action=maybe_recompile pc=0x000002463c01a644 method=org.aspectj.apache.bcel.classfile.FieldOrMethod.getAnnotations()[Lorg/aspectj/apache/bcel/classfile/annotation/AnnotationGen; @ 35
Event: 2.757 Thread 0x000002464f55a000 Uncommon trap: reason=class_check action=maybe_recompile pc=0x000002463c01a644 method=org.aspectj.apache.bcel.classfile.FieldOrMethod.getAnnotations()[Lorg/aspectj/apache/bcel/classfile/annotation/AnnotationGen; @ 35
Event: 2.822 Thread 0x000002464f55a000 Uncommon trap: reason=unstable_if action=reinterpret pc=0x000002463c360430 method=java.io.WinNTFileSystem.prefixLength(Ljava/lang/String;)I @ 42

Classes redefined (0 events):
No events

Internal exceptions (10 events):
Event: 1.844 Thread 0x000002464f55a000 Exception <a 'java/lang/NoSuchMethodError': java.lang.Object.containsTests(Lorg/junit/platform/engine/TestDescriptor;)Z> (0x00000000f7a7b4d0) thrown at [C:\jenkins\workspace\8-2-build-windows-amd64-cygwin\jdk8u271\605\hotspot\src\share\vm\interpreter\link
Event: 1.858 Thread 0x000002464f55a000 Exception <a 'java/lang/IncompatibleClassChangeError': Found class java.lang.Object, but interface was expected> (0x00000000f7b0e510) thrown at [C:\jenkins\workspace\8-2-build-windows-amd64-cygwin\jdk8u271\605\hotspot\src\share\vm\interpreter\linkResolver
Event: 1.864 Thread 0x000002464f55a000 Exception <a 'java/lang/IncompatibleClassChangeError': Found class java.lang.Object, but interface was expected> (0x00000000f7b21778) thrown at [C:\jenkins\workspace\8-2-build-windows-amd64-cygwin\jdk8u271\605\hotspot\src\share\vm\interpreter\linkResolver
Event: 1.887 Thread 0x000002464f55a000 Exception <a 'java/lang/IncompatibleClassChangeError': Found class java.lang.Object, but interface was expected> (0x00000000f7c77e60) thrown at [C:\jenkins\workspace\8-2-build-windows-amd64-cygwin\jdk8u271\605\hotspot\src\share\vm\interpreter\linkResolver
Event: 1.915 Thread 0x000002464f55a000 Exception <a 'java/lang/NoSuchMethodError': java.lang.Object.lambda$comparing$77a9974f$1(Ljava/util/function/Function;Ljava/lang/Object;Ljava/lang/Object;)I> (0x00000000f7eb9620) thrown at [C:\jenkins\workspace\8-2-build-windows-amd64-cygwin\jdk8u271\605\
Event: 1.918 Thread 0x000002464f55a000 Exception <a 'java/lang/NoSuchMethodError': java.lang.Object.lambda$thenComparing$36697e65$1(Ljava/util/Comparator;Ljava/lang/Object;Ljava/lang/Object;)I> (0x00000000f7ecac58) thrown at [C:\jenkins\workspace\8-2-build-windows-amd64-cygwin\jdk8u271\605\hot
Event: 1.919 Thread 0x000002464f55a000 Exception <a 'java/lang/NoSuchMethodError': java.lang.Object.lambda$comparing$ea9a8b3a$1(Ljava/util/Comparator;Ljava/util/function/Function;Ljava/lang/Object;Ljava/lang/Object;)I> (0x00000000f7ed2a60) thrown at [C:\jenkins\workspace\8-2-build-windows-amd6
Event: 1.990 Thread 0x000002464f55a000 Exception <a 'java/lang/NoSuchMethodError': java.lang.Object.lambda$and$0(Ljava/util/function/Predicate;Ljava/lang/Object;)Z> (0x00000000f8459b20) thrown at [C:\jenkins\workspace\8-2-build-windows-amd64-cygwin\jdk8u271\605\hotspot\src\share\vm\interpreter
Event: 2.019 Thread 0x000002464f55a000 Exception <a 'java/lang/IncompatibleClassChangeError': Found class java.lang.Object, but interface was expected> (0x00000000f8670eb8) thrown at [C:\jenkins\workspace\8-2-build-windows-amd64-cygwin\jdk8u271\605\hotspot\src\share\vm\interpreter\linkResolver
Event: 2.038 Thread 0x000002464f55a000 Exception <a 'java/lang/IncompatibleClassChangeError': Found class java.lang.Object, but interface was expected> (0x00000000f8784d20) thrown at [C:\jenkins\workspace\8-2-build-windows-amd64-cygwin\jdk8u271\605\hotspot\src\share\vm\interpreter\linkResolver

Events (10 events):
Event: 2.877 loading class java/util/regex/Pattern$SingleI
Event: 2.877 loading class java/util/regex/Pattern$SingleI done
Event: 2.877 loading class java/util/regex/Pattern$3
Event: 2.877 loading class java/util/regex/Pattern$3 done
Event: 2.877 loading class okhttp3/OkHttpClient$Builder
Event: 2.877 loading class okhttp3/OkHttpClient$Builder done
Event: 2.881 loading class okhttp3/Dispatcher
Event: 2.881 loading class okhttp3/Dispatcher done
Event: 2.883 loading class okhttp3/OkHttpClient
Event: 2.883 loading class okhttp3/OkHttpClient done


Dynamic libraries:
0x00007ff7a2b30000 - 0x00007ff7a2b77000 	C:\Program Files\Java\jdk1.8.0_271\bin\java.exe
0x00007ffd03010000 - 0x00007ffd03204000 	C:\WINDOWS\SYSTEM32\ntdll.dll
0x00007ffd01a90000 - 0x00007ffd01b4d000 	C:\WINDOWS\System32\KERNEL32.DLL
0x00007ffd00980000 - 0x00007ffd00c47000 	C:\WINDOWS\System32\KERNELBASE.dll
0x00007ffd02770000 - 0x00007ffd0281a000 	C:\WINDOWS\System32\ADVAPI32.dll
0x00007ffd02ad0000 - 0x00007ffd02b6e000 	C:\WINDOWS\System32\msvcrt.dll
0x00007ffd02290000 - 0x00007ffd0232b000 	C:\WINDOWS\System32\sechost.dll
0x00007ffd02350000 - 0x00007ffd02473000 	C:\WINDOWS\System32\RPCRT4.dll
0x00007ffd02480000 - 0x00007ffd02620000 	C:\WINDOWS\System32\USER32.dll
0x00007ffd00760000 - 0x00007ffd00782000 	C:\WINDOWS\System32\win32u.dll
0x00007ffd02f20000 - 0x00007ffd02f4a000 	C:\WINDOWS\System32\GDI32.dll
0x00007ffd00e00000 - 0x00007ffd00f09000 	C:\WINDOWS\System32\gdi32full.dll
0x00007ffd00f10000 - 0x00007ffd00fad000 	C:\WINDOWS\System32\msvcp_win.dll
0x00007ffd00d00000 - 0x00007ffd00e00000 	C:\WINDOWS\System32\ucrtbase.dll
0x00007ffce4890000 - 0x00007ffce4b2a000 	C:\WINDOWS\WinSxS\amd64_microsoft.windows.common-controls_6595b64144ccf1df_6.0.19041.1_none_b555e41d4684ddec\COMCTL32.dll
0x00007ffd02890000 - 0x00007ffd028c0000 	C:\WINDOWS\System32\IMM32.DLL
0x00007ffcfb620000 - 0x00007ffcfb635000 	C:\Program Files\Java\jdk1.8.0_271\jre\bin\vcruntime140.dll
0x00007ffccecc0000 - 0x00007ffcced5b000 	C:\Program Files\Java\jdk1.8.0_271\jre\bin\msvcp140.dll
0x0000000057350000 - 0x0000000057bbf000 	C:\Program Files\Java\jdk1.8.0_271\jre\bin\server\jvm.dll
0x00007ffd02340000 - 0x00007ffd02348000 	C:\WINDOWS\System32\PSAPI.DLL
0x00007ffcf1730000 - 0x00007ffcf1739000 	C:\WINDOWS\SYSTEM32\WSOCK32.dll
0x00007ffcf4460000 - 0x00007ffcf4487000 	C:\WINDOWS\SYSTEM32\WINMM.dll
0x00007ffd02820000 - 0x00007ffd0288b000 	C:\WINDOWS\System32\WS2_32.dll
0x00007ffcfa4e0000 - 0x00007ffcfa4ea000 	C:\WINDOWS\SYSTEM32\VERSION.dll
0x00007ffcfe6f0000 - 0x00007ffcfe703000 	C:\WINDOWS\SYSTEM32\kernel.appcore.dll
0x00007ffcfd240000 - 0x00007ffcfd250000 	C:\Program Files\Java\jdk1.8.0_271\jre\bin\verify.dll
0x00007ffce7080000 - 0x00007ffce70ab000 	C:\Program Files\Java\jdk1.8.0_271\jre\bin\java.dll
0x00007ffcf2e80000 - 0x00007ffcf2eb0000 	C:\Program Files\Java\jdk1.8.0_271\jre\bin\instrument.dll
0x00007ffcfb4b0000 - 0x00007ffcfb4c8000 	C:\Program Files\Java\jdk1.8.0_271\jre\bin\zip.dll
0x00007ffd01b50000 - 0x00007ffd02281000 	C:\WINDOWS\System32\SHELL32.dll
0x00007ffcfe8f0000 - 0x00007ffcff07a000 	C:\WINDOWS\SYSTEM32\windows.storage.dll
0x00007ffd015b0000 - 0x00007ffd01904000 	C:\WINDOWS\System32\combase.dll
0x00007ffd001e0000 - 0x00007ffd0020b000 	C:\WINDOWS\SYSTEM32\Wldp.dll
0x00007ffd02bd0000 - 0x00007ffd02c7e000 	C:\WINDOWS\System32\SHCORE.dll
0x00007ffd02710000 - 0x00007ffd02765000 	C:\WINDOWS\System32\shlwapi.dll
0x00007ffd006a0000 - 0x00007ffd006bf000 	C:\WINDOWS\SYSTEM32\profapi.dll
0x00007ffcfc210000 - 0x00007ffcfc22c000 	C:\Program Files\Java\jdk1.8.0_271\jre\bin\net.dll
0x00007ffcfff60000 - 0x00007ffcfffca000 	C:\WINDOWS\system32\mswsock.dll
0x00007ffcfb5f0000 - 0x00007ffcfb603000 	C:\Program Files\Java\jdk1.8.0_271\jre\bin\nio.dll
0x00007ffd00140000 - 0x00007ffd00158000 	C:\WINDOWS\SYSTEM32\CRYPTSP.dll
0x00007ffcff880000 - 0x00007ffcff8b4000 	C:\WINDOWS\system32\rsaenh.dll
0x00007ffd008f0000 - 0x00007ffd00917000 	C:\WINDOWS\System32\bcrypt.dll
0x00007ffd00660000 - 0x00007ffd0068e000 	C:\WINDOWS\SYSTEM32\USERENV.dll
0x00007ffd01000000 - 0x00007ffd0107f000 	C:\WINDOWS\System32\bcryptprimitives.dll
0x00007ffd00130000 - 0x00007ffd0013c000 	C:\WINDOWS\SYSTEM32\CRYPTBASE.dll
0x00007ffcffc00000 - 0x00007ffcffc3b000 	C:\WINDOWS\SYSTEM32\IPHLPAPI.DLL
0x00007ffd015a0000 - 0x00007ffd015a9000 	C:\WINDOWS\System32\NSI.dll
0x00007ffcf9480000 - 0x00007ffcf9497000 	C:\WINDOWS\SYSTEM32\dhcpcsvc6.DLL
0x00007ffcf9ae0000 - 0x00007ffcf9afd000 	C:\WINDOWS\SYSTEM32\dhcpcsvc.DLL
0x00007ffcffc50000 - 0x00007ffcffd1a000 	C:\WINDOWS\SYSTEM32\DNSAPI.dll
0x00007ffcef320000 - 0x00007ffcef344000 	C:\Program Files\Java\jdk1.8.0_271\jre\bin\sunec.dll
0x00007ffcf4450000 - 0x00007ffcf445a000 	C:\Windows\System32\rasadhlp.dll
0x00007ffcf4530000 - 0x00007ffcf45af000 	C:\WINDOWS\System32\fwpuclnt.dll
0x00007ffceb870000 - 0x00007ffceba54000 	C:\WINDOWS\SYSTEM32\dbghelp.dll

VM Arguments:
jvm_args: -Dallure.results.directory=D:\Foglalkozás\Green Fox Academy\GitRepo\greenfox\vizsga\test-automation-masterwork\build\allure-results -Djava.security.manager=worker.org.gradle.process.internal.worker.child.BootstrapSecurityManager -Dorg.gradle.native=false -javaagent:C:\Users\Lilla\.gradle\caches\modules-2\files-2.1\org.aspectj\aspectjweaver\1.8.10\e198c5fee28988c355f74e06461614eae36b2032\aspectjweaver-1.8.10.jar -Xmx512m -Dfile.encoding=windows-1250 -Duser.country=HU -Duser.language=hu -Duser.variant -ea 
java_command: worker.org.gradle.process.internal.worker.GradleWorkerMain 'Gradle Test Executor 11'
java_class_path (initial): C:\Users\Lilla\.gradle\caches\6.3\workerMain\gradle-worker.jar;C:\Users\Lilla\.gradle\caches\modules-2\files-2.1\org.aspectj\aspectjweaver\1.8.10\e198c5fee28988c355f74e06461614eae36b2032\aspectjweaver-1.8.10.jar
Launcher Type: SUN_STANDARD

Environment Variables:
JAVA_HOME=C:\Program Files\Java\jdk1.8.0_271
PATH=C:\app\Lilla\product\18.0.0\dbhomeXE\bin;C:\Program Files (x86)\Common Files\Oracle\Java\javapath;C:\WINDOWS\system32;C:\WINDOWS;C:\WINDOWS\System32\Wbem;C:\WINDOWS\System32\WindowsPowerShell\v1.0\;C:\WINDOWS\System32\OpenSSH\;C:\Program Files (x86)\NVIDIA Corporation\PhysX\Common;C:\Program Files\NVIDIA Corporation\NVIDIA NvDLISR;C:\WINDOWS\system32;C:\WINDOWS;C:\WINDOWS\System32\Wbem;C:\WINDOWS\System32\WindowsPowerShell\v1.0\;C:\WINDOWS\System32\OpenSSH\;C:\Program Files\Git\cmd;C:\Program Files (x86)\Common Files\Oracle\Java\javapath;C:\WINDOWS\system32;C:\WINDOWS;C:\WINDOWS\System32\Wbem;C:\WINDOWS\System32\WindowsPowerShell\v1.0\;C:\WINDOWS\System32\OpenSSH\;C:\Program Files (x86)\NVIDIA Corporation\PhysX\Common;C:\Program Files\NVIDIA Corporation\NVIDIA NvDLISR;C:\WINDOWS\system32;C:\WINDOWS;C:\WINDOWS\System32\Wbem;C:\WINDOWS\System32\WindowsPowerShell\v1.0\;C:\WINDOWS\System32\OpenSSH\;C:\Program Files\Git\cmd;C:\Users\Lilla\AppData\Local\Microsoft\WindowsApps;;C:\Users\Lilla\AppData\Local\Programs\Microsoft VS Code\bin;C:\Program Files\Java\jdk1.8.0_271\bin;
USERNAME=Lilla
OS=Windows_NT
PROCESSOR_IDENTIFIER=Intel64 Family 6 Model 60 Stepping 3, GenuineIntel



---------------  S Y S T E M  ---------------

OS: Windows 10.0 , 64 bit Build 19041 (10.0.19041.207)

CPU:total 8 (initial active 8) (4 cores per cpu, 2 threads per core) family 6 model 60 stepping 3, cmov, cx8, fxsr, mmx, sse, sse2, sse3, ssse3, sse4.1, sse4.2, popcnt, avx, avx2, aes, clmul, erms, lzcnt, ht, tsc, tscinvbit, bmi1, bmi2

Memory: 4k page, physical 8274956k(1469764k free), swap 12469260k(6300k free)

vm_info: Java HotSpot(TM) 64-Bit Server VM (25.271-b09) for windows-amd64 JRE (1.8.0_271-b09), built on Sep 16 2020 19:14:59 by "" with MS VC++ 15.9 (VS2017)

time: Wed Aug  4 12:45:01 2021
timezone: Közép-európai nyári idõ 
elapsed time: 2.908098 seconds (0d 0h 0m 2s)

